{"C:\\Users\\True\\node-query-params\\requestHandler.js": {"path":"C:\\Users\\True\\node-query-params\\requestHandler.js","statementMap":{"0":{"start":{"line":1,"column":14},"end":{"line":1,"column":48}},"1":{"start":{"line":2,"column":12},"end":{"line":2,"column":26}},"2":{"start":{"line":7,"column":17},"end":{"line":9,"column":1}},"3":{"start":{"line":8,"column":4},"end":{"line":8,"column":17}},"4":{"start":{"line":12,"column":21},"end":{"line":18,"column":1}},"5":{"start":{"line":13,"column":4},"end":{"line":17,"column":5}},"6":{"start":{"line":14,"column":8},"end":{"line":14,"column":19}},"7":{"start":{"line":16,"column":8},"end":{"line":16,"column":28}},"8":{"start":{"line":19,"column":16},"end":{"line":21,"column":1}},"9":{"start":{"line":20,"column":3},"end":{"line":20,"column":37}},"10":{"start":{"line":24,"column":15},"end":{"line":26,"column":1}},"11":{"start":{"line":25,"column":4},"end":{"line":25,"column":44}},"12":{"start":{"line":29,"column":17},"end":{"line":31,"column":1}},"13":{"start":{"line":30,"column":4},"end":{"line":30,"column":43}},"14":{"start":{"line":34,"column":18},"end":{"line":36,"column":1}},"15":{"start":{"line":35,"column":4},"end":{"line":35,"column":48}},"16":{"start":{"line":38,"column":23},"end":{"line":58,"column":1}},"17":{"start":{"line":40,"column":19},"end":{"line":40,"column":42}},"18":{"start":{"line":41,"column":21},"end":{"line":41,"column":36}},"19":{"start":{"line":42,"column":18},"end":{"line":42,"column":30}},"20":{"start":{"line":44,"column":2},"end":{"line":56,"column":3}},"21":{"start":{"line":45,"column":4},"end":{"line":45,"column":26}},"22":{"start":{"line":46,"column":8},"end":{"line":56,"column":3}},"23":{"start":{"line":47,"column":4},"end":{"line":47,"column":36}},"24":{"start":{"line":48,"column":8},"end":{"line":56,"column":3}},"25":{"start":{"line":49,"column":4},"end":{"line":49,"column":35}},"26":{"start":{"line":50,"column":8},"end":{"line":56,"column":3}},"27":{"start":{"line":51,"column":4},"end":{"line":51,"column":37}},"28":{"start":{"line":52,"column":8},"end":{"line":56,"column":3}},"29":{"start":{"line":53,"column":4},"end":{"line":53,"column":38}},"30":{"start":{"line":55,"column":4},"end":{"line":55,"column":30}},"31":{"start":{"line":57,"column":2},"end":{"line":57,"column":12}},"32":{"start":{"line":61,"column":0},"end":{"line":68,"column":2}}},"fnMap":{"0":{"name":"(anonymous_0)","decl":{"start":{"line":7,"column":17},"end":{"line":7,"column":18}},"loc":{"start":{"line":7,"column":21},"end":{"line":9,"column":1}},"line":7},"1":{"name":"(anonymous_1)","decl":{"start":{"line":12,"column":21},"end":{"line":12,"column":22}},"loc":{"start":{"line":12,"column":35},"end":{"line":18,"column":1}},"line":12},"2":{"name":"(anonymous_2)","decl":{"start":{"line":19,"column":16},"end":{"line":19,"column":17}},"loc":{"start":{"line":19,"column":25},"end":{"line":21,"column":1}},"line":19},"3":{"name":"(anonymous_3)","decl":{"start":{"line":24,"column":15},"end":{"line":24,"column":16}},"loc":{"start":{"line":24,"column":24},"end":{"line":26,"column":1}},"line":24},"4":{"name":"(anonymous_4)","decl":{"start":{"line":29,"column":17},"end":{"line":29,"column":18}},"loc":{"start":{"line":29,"column":26},"end":{"line":31,"column":1}},"line":29},"5":{"name":"(anonymous_5)","decl":{"start":{"line":34,"column":18},"end":{"line":34,"column":19}},"loc":{"start":{"line":34,"column":27},"end":{"line":36,"column":1}},"line":34},"6":{"name":"(anonymous_6)","decl":{"start":{"line":38,"column":23},"end":{"line":38,"column":24}},"loc":{"start":{"line":38,"column":37},"end":{"line":58,"column":1}},"line":38}},"branchMap":{"0":{"loc":{"start":{"line":13,"column":4},"end":{"line":17,"column":5}},"type":"if","locations":[{"start":{"line":13,"column":4},"end":{"line":17,"column":5}},{"start":{"line":13,"column":4},"end":{"line":17,"column":5}}],"line":13},"1":{"loc":{"start":{"line":44,"column":2},"end":{"line":56,"column":3}},"type":"if","locations":[{"start":{"line":44,"column":2},"end":{"line":56,"column":3}},{"start":{"line":44,"column":2},"end":{"line":56,"column":3}}],"line":44},"2":{"loc":{"start":{"line":46,"column":8},"end":{"line":56,"column":3}},"type":"if","locations":[{"start":{"line":46,"column":8},"end":{"line":56,"column":3}},{"start":{"line":46,"column":8},"end":{"line":56,"column":3}}],"line":46},"3":{"loc":{"start":{"line":48,"column":8},"end":{"line":56,"column":3}},"type":"if","locations":[{"start":{"line":48,"column":8},"end":{"line":56,"column":3}},{"start":{"line":48,"column":8},"end":{"line":56,"column":3}}],"line":48},"4":{"loc":{"start":{"line":50,"column":8},"end":{"line":56,"column":3}},"type":"if","locations":[{"start":{"line":50,"column":8},"end":{"line":56,"column":3}},{"start":{"line":50,"column":8},"end":{"line":56,"column":3}}],"line":50},"5":{"loc":{"start":{"line":52,"column":8},"end":{"line":56,"column":3}},"type":"if","locations":[{"start":{"line":52,"column":8},"end":{"line":56,"column":3}},{"start":{"line":52,"column":8},"end":{"line":56,"column":3}}],"line":52}},"s":{"0":1,"1":1,"2":1,"3":2,"4":1,"5":12,"6":4,"7":8,"8":1,"9":3,"10":1,"11":3,"12":1,"13":3,"14":1,"15":3,"16":1,"17":6,"18":6,"19":6,"20":6,"21":1,"22":5,"23":1,"24":4,"25":1,"26":3,"27":1,"28":2,"29":1,"30":1,"31":6,"32":1},"f":{"0":2,"1":12,"2":3,"3":3,"4":3,"5":3,"6":6},"b":{"0":[4,8],"1":[1,5],"2":[1,4],"3":[1,3],"4":[1,2],"5":[1,1]},"_coverageSchema":"332fd63041d2c1bcb487cc26dd0d5f7d97098a6c","hash":"fd06031592211183c86f5ab054cc2fc08e597a6e"}
}
