TN:
SF:C:\Users\True\node-query-params\requestHandler.js
FN:7,(anonymous_0)
FN:12,(anonymous_1)
FN:19,(anonymous_2)
FN:24,(anonymous_3)
FN:29,(anonymous_4)
FN:34,(anonymous_5)
FN:38,(anonymous_6)
FNF:7
FNH:7
FNDA:2,(anonymous_0)
FNDA:12,(anonymous_1)
FNDA:3,(anonymous_2)
FNDA:3,(anonymous_3)
FNDA:3,(anonymous_4)
FNDA:3,(anonymous_5)
FNDA:6,(anonymous_6)
DA:1,1
DA:2,1
DA:7,1
DA:8,2
DA:12,1
DA:13,12
DA:14,4
DA:16,8
DA:19,1
DA:20,3
DA:24,1
DA:25,3
DA:29,1
DA:30,3
DA:34,1
DA:35,3
DA:38,1
DA:40,6
DA:41,6
DA:42,6
DA:44,6
DA:45,1
DA:46,5
DA:47,1
DA:48,4
DA:49,1
DA:50,3
DA:51,1
DA:52,2
DA:53,1
DA:55,1
DA:57,6
DA:61,1
LF:33
LH:33
BRDA:13,0,0,4
BRDA:13,0,1,8
BRDA:44,1,0,1
BRDA:44,1,1,5
BRDA:46,2,0,1
BRDA:46,2,1,4
BRDA:48,3,0,1
BRDA:48,3,1,3
BRDA:50,4,0,1
BRDA:50,4,1,2
BRDA:52,5,0,1
BRDA:52,5,1,1
BRF:12
BRH:12
end_of_record
